<?xml version="1.0" encoding="UTF-8"?>
<!-- Generated by org.testng.reporters.JUnitReportReporter -->
<testsuite hostname="ZIL970" failures="0" tests="2" name="examples.ParallelExecution" time="0.023" errors="0" timestamp="2022-05-09T23:32:41 IST" skipped="0">
  <testcase classname="examples.ParallelExecution" name="test" time="0.012"/>
  <system-out/>
  <testcase classname="examples.ParallelExecution" name="test" time="0.011"/>
  <system-out/>
</testsuite> <!-- examples.ParallelExecution -->
