<?xml version="1.0" encoding="UTF-8"?>
<!-- Generated by org.testng.reporters.JUnitXMLReporter -->
<testsuite ignored="1" hostname="ZIL970" failures="0" tests="2" name="Test" time="0.026" errors="0" timestamp="2022-05-09T23:19:35 IST">
  <testcase classname="examples.Grouping" name="test1" time="0.004"/>
  <testcase classname="examples.Grouping" name="test3" time="0.001"/>
  <testcase classname="examples.Grouping" name="test2" time="0.0">
    <ignored/>
  </testcase> <!-- test2 -->
</testsuite> <!-- Test -->
