<?xml version="1.0" encoding="UTF-8"?>
<!-- Generated by org.testng.reporters.JUnitXMLReporter -->
<testsuite ignored="0" hostname="IMRAN-PC" failures="1" tests="1" name="Test1" time="5.127" errors="0" timestamp="2024-03-10T18:57:40 IST">
  <testcase classname="com.testacademy.testcases.Test_Homepage" name="testCase1" time="0.126">
    <failure type="java.lang.AssertionError" message="Hamurger menu is not visible expected [false] but found [true]">
      <![CDATA[java.lang.AssertionError: Hamurger menu is not visible expected [false] but found [true]
at com.testacademy.testcases.Test_Homepage.testCase1(Test_Homepage.java:28)
at java.base/java.util.ArrayList.forEach(ArrayList.java:1511)
... Removed 32 stack frames]]>
    </failure>
  </testcase> <!-- testCase1 -->
</testsuite> <!-- Test1 -->
